[2019-11-26 10:57:55] = /wp-admin/admin-ajax.php
https://aeroalbrook.com/package_add_ons/neon-party/

[2019-11-26 11:23:14] = /wp-json/wp/v2/packages/747?_locale=user
https://aeroalbrook.com/es/packages/transito-vip-del-canal-de-panama/

[2019-11-26 11:23:37] = /wp-json/wp/v2/packages/747?_locale=user
https://aeroalbrook.com/es/packages/transito-vip-del-canal-de-panama/

[2019-11-26 11:24:14] = /wp-json/wp/v2/packages/747?_locale=user
https://aeroalbrook.com/es/packages/transito-vip-del-canal-de-panama/

[2019-11-26 11:24:36] = /wp-admin/admin-ajax.php
https://aeroalbrook.com/es/packages/transito-vip-del-canal-de-panama/

[2019-11-26 11:30:17] = /wp-json/wp/v2/packages/747?_locale=user
https://aeroalbrook.com/es/packages/transito-vip-del-canal-de-panama/

[2019-11-26 11:30:23] = /wp-admin/admin-ajax.php
https://aeroalbrook.com/es/packages/transito-vip-del-canal-de-panama/

[2019-11-26 11:32:09] = /wp-admin/admin-ajax.php
https://aeroalbrook.com/booking/

[2019-11-26 11:32:13] = /wp-admin/admin-ajax.php
https://aeroalbrook.com/booking-2/

[2019-11-26 11:32:16] = /wp-admin/admin-ajax.php
https://aeroalbrook.com/booking-3/

[2019-11-26 11:40:05] = /wp-json/wp/v2/packages/747?_locale=user
https://aeroalbrook.com/es/packages/transito-canal/

[2019-11-26 11:51:52] = /wp-json/wp/v2/packages/747?_locale=user
https://aeroalbrook.com/es/packages/transito-canal/

[2019-11-26 12:19:57] = /wp-json/wp/v2/packages/747?_locale=user
https://aeroalbrook.com/es/packages/transito-canal/

[2019-11-26 13:20:22] = /wp-admin/admin-ajax.php
https://aeroalbrook.com/es/packages/transito-canal/

[2019-11-27 11:15:07] = /wp-admin/admin-ajax.php
https://aeroalbrook.com/es/packages/catamaran-taiti-80-alquiler-de-yates-en-taboga/

[2019-11-27 11:15:12] = /wp-admin/admin-ajax.php
https://aeroalbrook.com/es/packages/catamaran-taiti-80-alquiler-de-yates-en-taboga/

[2019-11-27 11:15:46] = /wp-json/wp/v2/packages/1316?_locale=user
https://aeroalbrook.com/es/packages/catamaran-taiti-80/

[2019-11-27 11:19:29] = /wp-admin/admin-ajax.php
https://aeroalbrook.com/es/packages/catamaran-taiti-80-alquiler-de-yates-en-taboga/

[2019-11-27 11:19:32] = /wp-admin/admin-ajax.php
https://aeroalbrook.com/es/packages/catamaran-taiti-80-alquiler-de-yates-en-taboga/

[2019-11-27 11:22:07] = /wp-admin/admin-ajax.php
https://aeroalbrook.com/es/packages/catamaran-taiti-80/

[2019-11-27 11:27:14] = /wp-json/wp/v2/packages/1316?_locale=user
https://aeroalbrook.com/es/packages/catamaran-taiti-80/

[2019-11-27 11:29:43] = /wp-json/wp/v2/packages/1308?_locale=user
https://aeroalbrook.com/packages/catamaran-panama/

[2019-11-27 11:30:38] = /wp-json/wp/v2/packages/1316?_locale=user
https://aeroalbrook.com/es/packages/panama-catamaran/

[2019-11-27 11:31:14] = /wp-admin/admin-ajax.php
https://aeroalbrook.com/es/packages/catamaran-taiti-80/

[2019-11-27 11:31:25] = /wp-admin/admin-ajax.php
https://aeroalbrook.com/es/packages/catamaran-taiti-80/

[2019-11-27 11:32:56] = /wp-admin/admin-ajax.php
https://aeroalbrook.com/es/packages/catamaran-taiti-80/

[2019-11-27 11:32:59] = /wp-admin/admin-ajax.php
https://aeroalbrook.com/es/packages/catamaran-taiti-80/

[2019-11-27 11:33:23] = /wp-admin/admin-ajax.php
https://aeroalbrook.com/packages/catamaran-panama/

[2019-11-27 11:34:42] = /wp-json/wp/v2/packages/1308?_locale=user
https://aeroalbrook.com/packages/catamaran-panama/

[2019-11-27 11:40:21] = /wp-json/wp/v2/packages/1308?_locale=user
https://aeroalbrook.com/packages/catamaran-panama/

[2019-11-27 11:43:34] = /wp-json/wp/v2/packages/1308?_locale=user
https://aeroalbrook.com/packages/catamaran-panama/

[2019-11-27 11:51:39] = /wp-admin/post.php?post=1576&amp;action=trash&amp;_wpnonce=aad1f4a685
https://aeroalbrook.com/packages/paddle-board/

[2019-11-27 11:51:45] = /wp-admin/post.php?post=1578&amp;action=trash&amp;_wpnonce=ed901898a9
https://aeroalbrook.com/es/packages/tablas-sup/

[2019-11-27 11:51:51] = /wp-admin/post.php?post=1504&amp;action=trash&amp;_wpnonce=f2114ae65b
https://aeroalbrook.com/packages/tandem-skydiving-panama/

[2019-11-27 12:59:31] = /wp-admin/admin-ajax.php
https://aeroalbrook.com/packages/catamaran-panama/

[2019-11-27 12:59:52] = /wp-admin/admin-ajax.php
https://aeroalbrook.com/es/packages/panama-catamaran/

[2019-11-27 13:03:26] = /wp-json/wp/v2/packages/1316?_locale=user
https://aeroalbrook.com/es/packages/panama-catamaran/

[2019-11-27 13:03:55] = /wp-admin/admin-ajax.php
https://aeroalbrook.com/es/packages/panama-catamaran/

[2019-11-27 13:03:59] = /wp-admin/admin-ajax.php
https://aeroalbrook.com/es/packages/panama-catamaran/

[2019-11-27 13:04:27] = /wp-admin/admin-ajax.php
https://aeroalbrook.com/es/package_category/playas-e-islas/

[2019-11-27 13:04:52] = /wp-admin/admin-ajax.php
https://aeroalbrook.com/es/packages/panama-catamaran/

[2019-11-27 13:09:58] = /wp-json/wp/v2/packages/1316?_locale=user
https://aeroalbrook.com/es/packages/panama-catamaran/

[2019-11-27 13:12:24] = /wp-json/wp/v2/packages/1316?_locale=user
https://aeroalbrook.com/es/packages/panama-catamaran/

[2019-11-27 13:16:31] = /wp-json/wp/v2/packages/1316?_locale=user
https://aeroalbrook.com/es/packages/panama-catamaran/

[2019-11-27 13:17:10] = /wp-json/wp/v2/packages/1316?_locale=user
https://aeroalbrook.com/es/packages/panama-catamaran/

[2019-11-27 13:19:24] = /wp-json/wp/v2/blocks/2043?_locale=user
https://aeroalbrook.com/untitled-reusable-block-7/

[2019-11-27 13:19:32] = /wp-json/wp/v2/blocks/2043?_locale=user
https://aeroalbrook.com/untitled-reusable-block-7/

[2019-11-27 13:20:22] = /wp-json/wp/v2/packages/1308?_locale=user
https://aeroalbrook.com/packages/catamaran-panama/

[2019-11-27 13:20:53] = /wp-json/wp/v2/packages/1308?_locale=user
https://aeroalbrook.com/packages/catamaran-panama/

[2019-11-27 13:21:54] = /wp-json/wp/v2/packages/1308?_locale=user
https://aeroalbrook.com/packages/catamaran-panama/

[2019-11-27 13:22:47] = /wp-json/wp/v2/packages/1316?_locale=user
https://aeroalbrook.com/es/packages/panama-catamaran/

[2019-11-27 13:23:07] = /wp-json/wp/v2/packages/1316?_locale=user
https://aeroalbrook.com/es/packages/panama-catamaran/

[2019-11-27 13:23:13] = /wp-json/wp/v2/packages/1316?_locale=user
https://aeroalbrook.com/es/packages/panama-catamaran/

[2019-11-27 13:23:27] = /wp-admin/admin-ajax.php
https://aeroalbrook.com/es/packages/panama-catamaran/

[2019-11-27 13:26:52] = /wp-json/wp/v2/packages/1316?_locale=user
https://aeroalbrook.com/es/packages/panama-catamaran/

